-------------------------------------------------------------------------------
Test set: TestSuite
-------------------------------------------------------------------------------
Tests run: 8, Failures: 7, Errors: 0, Skipped: 0, Time elapsed: 2.07 sec <<< FAILURE!
testCount(ozone.service.Impl.CompanyCrudServiceImplNGTest)  Time elapsed: 0.05 sec  <<< FAILURE!
java.lang.UnsupportedOperationException: Not supported yet.
	at ozone.service.Impl.CompanyCrudServiceImpl.count(CompanyCrudServiceImpl.java:66)
	at ozone.service.Impl.CompanyCrudServiceImplNGTest.testCount(CompanyCrudServiceImplNGTest.java:143)
testFind(ozone.service.Impl.CompanyCrudServiceImplNGTest)  Time elapsed: 0 sec  <<< FAILURE!
java.lang.UnsupportedOperationException: Not supported yet.
	at ozone.service.Impl.CompanyCrudServiceImpl.find(CompanyCrudServiceImpl.java:36)
	at ozone.service.Impl.CompanyCrudServiceImplNGTest.testFind(CompanyCrudServiceImplNGTest.java:53)
testFindAll(ozone.service.Impl.CompanyCrudServiceImplNGTest)  Time elapsed: 0 sec  <<< FAILURE!
java.lang.UnsupportedOperationException: Not supported yet.
	at ozone.service.Impl.CompanyCrudServiceImpl.findAll(CompanyCrudServiceImpl.java:56)
	at ozone.service.Impl.CompanyCrudServiceImplNGTest.testFindAll(CompanyCrudServiceImplNGTest.java:113)
testFindInRange(ozone.service.Impl.CompanyCrudServiceImplNGTest)  Time elapsed: 0 sec  <<< FAILURE!
java.lang.UnsupportedOperationException: Not supported yet.
	at ozone.service.Impl.CompanyCrudServiceImpl.findInRange(CompanyCrudServiceImpl.java:61)
	at ozone.service.Impl.CompanyCrudServiceImplNGTest.testFindInRange(CompanyCrudServiceImplNGTest.java:129)
testGetEntitiesByProperName(ozone.service.Impl.CompanyCrudServiceImplNGTest)  Time elapsed: 0 sec  <<< FAILURE!
java.lang.UnsupportedOperationException: Not supported yet.
	at ozone.service.Impl.CompanyCrudServiceImpl.getEntitiesByProperName(CompanyCrudServiceImpl.java:71)
	at ozone.service.Impl.CompanyCrudServiceImplNGTest.testGetEntitiesByProperName(CompanyCrudServiceImplNGTest.java:159)
testPersist(ozone.service.Impl.CompanyCrudServiceImplNGTest)  Time elapsed: 0 sec  <<< FAILURE!
java.lang.AssertionError: The test case is a prototype.
	at org.testng.Assert.fail(Assert.java:94)
	at ozone.service.Impl.CompanyCrudServiceImplNGTest.testPersist(CompanyCrudServiceImplNGTest.java:71)
testRemove(ozone.service.Impl.CompanyCrudServiceImplNGTest)  Time elapsed: 0 sec  <<< FAILURE!
java.lang.UnsupportedOperationException: Not supported yet.
	at ozone.service.Impl.CompanyCrudServiceImpl.remove(CompanyCrudServiceImpl.java:51)
	at ozone.service.Impl.CompanyCrudServiceImplNGTest.testRemove(CompanyCrudServiceImplNGTest.java:100)
